<?xml version="1.0" encoding="UTF-8"?>
<testng-results total="1" passed="1" failed="0" skipped="0">
  <reporter-output>
    <line>
      <![CDATA[Application Opened]]>
    </line>
  </reporter-output>
  <suite started-at="2024-02-01T14:07:13Z" name="Suite" finished-at="2024-02-01T14:07:17Z" duration-ms="4195">
    <groups>
    </groups>
    <test started-at="2024-02-01T14:07:13Z" name="Test" finished-at="2024-02-01T14:07:17Z" duration-ms="4195">
      <class name="package2.TestClass1">
        <test-method signature="tc1()[pri:0, instance:package2.TestClass1@6af9fcb2]" started-at="2024-02-01T19:37:13Z" name="tc1" finished-at="2024-02-01T19:37:17Z" duration-ms="4181" status="PASS">
          <reporter-output>
            <line>
              <![CDATA[Application Opened]]>
            </line>
          </reporter-output>
        </test-method> <!-- tc1 -->
      </class> <!-- package2.TestClass1 -->
    </test> <!-- Test -->
  </suite> <!-- Suite -->
</testng-results>
